22-Snake.cpp(124): error C2065: 'key': undeclared identifier
22-Snake.cpp(142): error C2065: 'key': undeclared identifier
22-Snake.cpp(143): error C2065: 'key': undeclared identifier
22-Snake.cpp(148): error C2065: 'key': undeclared identifier
22-Snake.cpp(244): error C2065: 'heightY': undeclared identifier
22-Snake.cpp(245): error C2065: 'widthX': undeclared identifier
22-Snake.cpp(246): error C2065: 'heightY': undeclared identifier
22-Snake.cpp(247): error C2065: 'widthX': undeclared identifier
22-Snake.cpp(247): error C2065: 'field': undeclared identifier
22-Snake.cpp(247): error C2065: 'SumbolWall': undeclared identifier
22-Snake.cpp(248): error C2065: 'field': undeclared identifier
22-Snake.cpp(248): error C2065: 'SumbolField': undeclared identifier
22-Snake.cpp(251): error C2065: 'snakeX': undeclared identifier
22-Snake.cpp(251): error C2065: 'widthX': undeclared identifier
22-Snake.cpp(252): error C2065: 'snakeY': undeclared identifier
22-Snake.cpp(252): error C2065: 'heightY': undeclared identifier
22-Snake.cpp(253): error C2065: 'snakeX': undeclared identifier
22-Snake.cpp(253): error C2065: 'widthX': undeclared identifier
22-Snake.cpp(254): error C2065: 'snakeY': undeclared identifier
22-Snake.cpp(254): error C2065: 'heightY': undeclared identifier
22-Snake.cpp(257): error C2065: 'field': undeclared identifier
22-Snake.cpp(257): error C2065: 'snakeY': undeclared identifier
22-Snake.cpp(257): error C2065: 'snakeX': undeclared identifier
22-Snake.cpp(257): error C2065: 'SumbolSnakeHead': undeclared identifier
22-Snake.cpp(258): error C2065: 'field': undeclared identifier
22-Snake.cpp(258): error C2065: 'snakeY': undeclared identifier
22-Snake.cpp(258): error C2065: 'snakeX': undeclared identifier
22-Snake.cpp(258): error C2065: 'SumbolSnakeTrunk': undeclared identifier
22-Snake.cpp(261): error C2065: 'score': undeclared identifier
22-Snake.cpp(261): error C2065: 'len': undeclared identifier
22-Snake.cpp(261): error C2065: 'applec': undeclared identifier
22-Snake.cpp(272): error C2065: 'heightY': undeclared identifier
22-Snake.cpp(274): error C2065: 'widthX': undeclared identifier
22-Snake.cpp(275): error C2065: 'field': undeclared identifier
22-Snake.cpp(282): error C2065: 'score': undeclared identifier
22-Snake.cpp(283): error C2065: 'len': undeclared identifier
22-Snake.cpp(284): error C2065: 'applec': undeclared identifier
22-Snake.cpp(285): error C2065: 'applec': undeclared identifier
22-Snake.cpp(349): error C2065: '_x': undeclared identifier
22-Snake.cpp(351): error C2065: '_x': undeclared identifier
22-Snake.cpp(352): error C2065: '_y': undeclared identifier
22-Snake.cpp(356): error C2065: '_x': undeclared identifier
22-Snake.cpp(358): error C2065: '_x': undeclared identifier
22-Snake.cpp(359): error C2065: '_y': undeclared identifier
22-Snake.cpp(363): error C2065: '_y': undeclared identifier
22-Snake.cpp(365): error C2065: '_x': undeclared identifier
22-Snake.cpp(366): error C2065: '_y': undeclared identifier
22-Snake.cpp(370): error C2065: '_y': undeclared identifier
22-Snake.cpp(372): error C2065: '_x': undeclared identifier
22-Snake.cpp(373): error C2065: '_y': undeclared identifier
22-Snake.cpp(324): warning C4996: 'getch': The POSIX name for this item is deprecated. Instead, use the ISO C and C++ conformant name: _getch. See online help for details.
22-Snake.cpp(343): warning C4996: 'getch': The POSIX name for this item is deprecated. Instead, use the ISO C and C++ conformant name: _getch. See online help for details.
22-Snake.cpp(387): error C2065: 'OldApplec': undeclared identifier
22-Snake.cpp(387): error C2065: 'applec': undeclared identifier
22-Snake.cpp(391): warning C4244: 'argument': conversion from 'time_t' to 'unsigned int', possible loss of data
22-Snake.cpp(392): error C2065: 'appleX': undeclared identifier
22-Snake.cpp(392): error C2065: 'widthX': undeclared identifier
22-Snake.cpp(393): error C2065: 'appleY': undeclared identifier
22-Snake.cpp(393): error C2065: 'heightY': undeclared identifier
22-Snake.cpp(396): error C2065: 'field': undeclared identifier
22-Snake.cpp(396): error C2065: 'appleY': undeclared identifier
22-Snake.cpp(396): error C2065: 'appleX': undeclared identifier
22-Snake.cpp(396): error C2065: 'SumbolField': undeclared identifier
22-Snake.cpp(398): error C2065: 'field': undeclared identifier
22-Snake.cpp(398): error C2065: 'appleY': undeclared identifier
22-Snake.cpp(398): error C2065: 'appleX': undeclared identifier
22-Snake.cpp(398): error C2065: 'SumbolApple': undeclared identifier
22-Snake.cpp(403): error C2065: 'OldApplec': undeclared identifier
22-Snake.cpp(403): error C2065: 'applec': undeclared identifier
22-Snake.cpp(413): error C2065: 'snakeX': undeclared identifier
22-Snake.cpp(413): error C2065: 'len': undeclared identifier
22-Snake.cpp(414): error C2065: 'snakeY': undeclared identifier
22-Snake.cpp(414): error C2065: 'len': undeclared identifier
22-Snake.cpp(418): error C2065: 'len': undeclared identifier
22-Snake.cpp(420): error C2065: 'snakeX': undeclared identifier
22-Snake.cpp(421): error C2065: 'snakeY': undeclared identifier
22-Snake.cpp(425): error C2065: 'snakeX': undeclared identifier
22-Snake.cpp(425): error C2065: '_x': undeclared identifier
22-Snake.cpp(426): error C2065: 'snakeY': undeclared identifier
22-Snake.cpp(426): error C2065: '_y': undeclared identifier
22-Snake.cpp(429): error C2065: 'field': undeclared identifier
22-Snake.cpp(429): error C2065: 'snakeY': undeclared identifier
22-Snake.cpp(429): error C2065: 'snakeX': undeclared identifier
22-Snake.cpp(429): error C2065: 'SumbolSnakeHead': undeclared identifier
22-Snake.cpp(430): error C2065: 'field': undeclared identifier
22-Snake.cpp(430): error C2065: 'snakeY': undeclared identifier
22-Snake.cpp(430): error C2065: 'snakeX': undeclared identifier
22-Snake.cpp(430): error C2065: 'SumbolSnakeTrunk': undeclared identifier
22-Snake.cpp(431): error C2065: 'field': undeclared identifier
22-Snake.cpp(431): error C2065: 'SumbolField': undeclared identifier
22-Snake.cpp(442): error C2065: 'snakeX': undeclared identifier
22-Snake.cpp(442): error C2065: 'appleX': undeclared identifier
22-Snake.cpp(442): error C2065: 'snakeY': undeclared identifier
22-Snake.cpp(442): error C2065: 'appleY': undeclared identifier
22-Snake.cpp(444): error C2065: 'len': undeclared identifier
22-Snake.cpp(445): error C2065: 'applec': undeclared identifier
22-Snake.cpp(446): error C2065: 'score': undeclared identifier
22-Snake.cpp(452): error C2065: 'len': undeclared identifier
22-Snake.cpp(453): error C2065: 'len': undeclared identifier
22-Snake.cpp(454): error C2065: 'snakeX': undeclared identifier
22-Snake.cpp(454): error C2065: 'snakeY': undeclared identifier
22-Snake.cpp(455): error C2065: 'SCrossing': undeclared identifier
22-Snake.cpp(462): error C2065: 'len': undeclared identifier
22-Snake.cpp(467): error C2065: 'walls': undeclared identifier
22-Snake.cpp(467): fatal error C1003: error count exceeds 100; stopping compilation
